<?xml version="1.0" encoding="UTF-8"?>
<testsuites>
  <testsuite name="" tests="86" assertions="268" errors="0" warnings="0" failures="0" skipped="0" time="0.308562">
    <testsuite name="KHM Test Suite" tests="86" assertions="268" errors="0" warnings="0" failures="0" skipped="0" time="0.308562">
      <testsuite name="KHM\Tests\AdminOrderActionsTest" file="/Applications/XAMPP/xamppfiles/htdocs/magazine-site/wp-content/plugins/khm-plugin/tests/AdminOrderActionsTest.php" tests="3" assertions="20" errors="0" warnings="0" failures="0" skipped="0" time="0.010470">
        <testcase name="testHandleResendReceiptSendsMemberAndAdminEmail" class="KHM\Tests\AdminOrderActionsTest" classname="KHM.Tests.AdminOrderActionsTest" file="/Applications/XAMPP/xamppfiles/htdocs/magazine-site/wp-content/plugins/khm-plugin/tests/AdminOrderActionsTest.php" line="29" assertions="9" time="0.007848"/>
        <testcase name="testHandleRefundRecordedUpdatesNotesAndFiresSuccessAction" class="KHM\Tests\AdminOrderActionsTest" classname="KHM.Tests.AdminOrderActionsTest" file="/Applications/XAMPP/xamppfiles/htdocs/magazine-site/wp-content/plugins/khm-plugin/tests/AdminOrderActionsTest.php" line="74" assertions="6" time="0.001577"/>
        <testcase name="testHandleRefundRecordedTriggersFailureActionWhenGatewayFails" class="KHM\Tests\AdminOrderActionsTest" classname="KHM.Tests.AdminOrderActionsTest" file="/Applications/XAMPP/xamppfiles/htdocs/magazine-site/wp-content/plugins/khm-plugin/tests/AdminOrderActionsTest.php" line="105" assertions="5" time="0.001045"/>
      </testsuite>
      <testsuite name="KHM\Tests\DatabaseIdempotencyStoreTest" file="/Applications/XAMPP/xamppfiles/htdocs/magazine-site/wp-content/plugins/khm-plugin/tests/DatabaseIdempotencyStoreTest.php" tests="5" assertions="8" errors="0" warnings="0" failures="0" skipped="0" time="0.002284">
        <testcase name="testHasProcessedReturnsFalseForNewEvent" class="KHM\Tests\DatabaseIdempotencyStoreTest" classname="KHM.Tests.DatabaseIdempotencyStoreTest" file="/Applications/XAMPP/xamppfiles/htdocs/magazine-site/wp-content/plugins/khm-plugin/tests/DatabaseIdempotencyStoreTest.php" line="93" assertions="1" time="0.000760"/>
        <testcase name="testMarkProcessedStoresEvent" class="KHM\Tests\DatabaseIdempotencyStoreTest" classname="KHM.Tests.DatabaseIdempotencyStoreTest" file="/Applications/XAMPP/xamppfiles/htdocs/magazine-site/wp-content/plugins/khm-plugin/tests/DatabaseIdempotencyStoreTest.php" line="99" assertions="1" time="0.000341"/>
        <testcase name="testGetProcessedEventReturnsEventDetails" class="KHM\Tests\DatabaseIdempotencyStoreTest" classname="KHM.Tests.DatabaseIdempotencyStoreTest" file="/Applications/XAMPP/xamppfiles/htdocs/magazine-site/wp-content/plugins/khm-plugin/tests/DatabaseIdempotencyStoreTest.php" line="110" assertions="4" time="0.000728"/>
        <testcase name="testGetProcessedEventReturnsNullForUnknownEvent" class="KHM\Tests\DatabaseIdempotencyStoreTest" classname="KHM.Tests.DatabaseIdempotencyStoreTest" file="/Applications/XAMPP/xamppfiles/htdocs/magazine-site/wp-content/plugins/khm-plugin/tests/DatabaseIdempotencyStoreTest.php" line="126" assertions="1" time="0.000315"/>
        <testcase name="testCleanupRemovesOldEvents" class="KHM\Tests\DatabaseIdempotencyStoreTest" classname="KHM.Tests.DatabaseIdempotencyStoreTest" file="/Applications/XAMPP/xamppfiles/htdocs/magazine-site/wp-content/plugins/khm-plugin/tests/DatabaseIdempotencyStoreTest.php" line="132" assertions="1" time="0.000140"/>
      </testsuite>
      <testsuite name="KHM\Tests\DiscountCodeServiceTest" file="/Applications/XAMPP/xamppfiles/htdocs/magazine-site/wp-content/plugins/khm-plugin/tests/DiscountCodeServiceTest.php" tests="4" assertions="20" errors="0" warnings="0" failures="0" skipped="0" time="0.025285">
        <testcase name="testCreateCodePersistsLevels" class="KHM\Tests\DiscountCodeServiceTest" classname="KHM.Tests.DiscountCodeServiceTest" file="/Applications/XAMPP/xamppfiles/htdocs/magazine-site/wp-content/plugins/khm-plugin/tests/DiscountCodeServiceTest.php" line="227" assertions="5" time="0.024673"/>
        <testcase name="testUpdateCodeReplacesLevelMappings" class="KHM\Tests\DiscountCodeServiceTest" classname="KHM.Tests.DiscountCodeServiceTest" file="/Applications/XAMPP/xamppfiles/htdocs/magazine-site/wp-content/plugins/khm-plugin/tests/DiscountCodeServiceTest.php" line="252" assertions="6" time="0.000174"/>
        <testcase name="testDeleteCodeRemovesMappings" class="KHM\Tests\DiscountCodeServiceTest" classname="KHM.Tests.DiscountCodeServiceTest" file="/Applications/XAMPP/xamppfiles/htdocs/magazine-site/wp-content/plugins/khm-plugin/tests/DiscountCodeServiceTest.php" line="289" assertions="4" time="0.000104"/>
        <testcase name="testPaginateCodesSupportsSearchStatusAndLimit" class="KHM\Tests\DiscountCodeServiceTest" classname="KHM.Tests.DiscountCodeServiceTest" file="/Applications/XAMPP/xamppfiles/htdocs/magazine-site/wp-content/plugins/khm-plugin/tests/DiscountCodeServiceTest.php" line="314" assertions="5" time="0.000335"/>
      </testsuite>
      <testsuite name="ExampleTest" file="/Applications/XAMPP/xamppfiles/htdocs/magazine-site/wp-content/plugins/khm-plugin/tests/ExampleTest.php" tests="1" assertions="1" errors="0" warnings="0" failures="0" skipped="0" time="0.000069">
        <testcase name="testTrue" class="ExampleTest" classname="ExampleTest" file="/Applications/XAMPP/xamppfiles/htdocs/magazine-site/wp-content/plugins/khm-plugin/tests/ExampleTest.php" line="6" assertions="1" time="0.000069"/>
      </testsuite>
      <testsuite name="KHM\Tests\LevelRepositoryTest" file="/Applications/XAMPP/xamppfiles/htdocs/magazine-site/wp-content/plugins/khm-plugin/tests/LevelRepositoryTest.php" tests="3" assertions="12" errors="0" warnings="0" failures="0" skipped="0" time="0.001221">
        <testcase name="testCreatePersistsLevel" class="KHM\Tests\LevelRepositoryTest" classname="KHM.Tests.LevelRepositoryTest" file="/Applications/XAMPP/xamppfiles/htdocs/magazine-site/wp-content/plugins/khm-plugin/tests/LevelRepositoryTest.php" line="126" assertions="4" time="0.001046"/>
        <testcase name="testUpdatePersistsChanges" class="KHM\Tests\LevelRepositoryTest" classname="KHM.Tests.LevelRepositoryTest" file="/Applications/XAMPP/xamppfiles/htdocs/magazine-site/wp-content/plugins/khm-plugin/tests/LevelRepositoryTest.php" line="147" assertions="5" time="0.000096"/>
        <testcase name="testDeleteRemovesLevel" class="KHM\Tests\LevelRepositoryTest" classname="KHM.Tests.LevelRepositoryTest" file="/Applications/XAMPP/xamppfiles/htdocs/magazine-site/wp-content/plugins/khm-plugin/tests/LevelRepositoryTest.php" line="176" assertions="3" time="0.000079"/>
      </testsuite>
      <testsuite name="KHM\Tests\MembershipNoteServiceTest" file="/Applications/XAMPP/xamppfiles/htdocs/magazine-site/wp-content/plugins/khm-plugin/tests/MembershipNoteServiceTest.php" tests="3" assertions="9" errors="0" warnings="0" failures="0" skipped="0" time="0.000634">
        <testcase name="testAddNotePersistsAndFetches" class="KHM\Tests\MembershipNoteServiceTest" classname="KHM.Tests.MembershipNoteServiceTest" file="/Applications/XAMPP/xamppfiles/htdocs/magazine-site/wp-content/plugins/khm-plugin/tests/MembershipNoteServiceTest.php" line="18" assertions="4" time="0.000503"/>
        <testcase name="testDeleteNoteRemovesEntry" class="KHM\Tests\MembershipNoteServiceTest" classname="KHM.Tests.MembershipNoteServiceTest" file="/Applications/XAMPP/xamppfiles/htdocs/magazine-site/wp-content/plugins/khm-plugin/tests/MembershipNoteServiceTest.php" line="29" assertions="3" time="0.000074"/>
        <testcase name="testAddNoteIgnoresEmptyContent" class="KHM\Tests\MembershipNoteServiceTest" classname="KHM.Tests.MembershipNoteServiceTest" file="/Applications/XAMPP/xamppfiles/htdocs/magazine-site/wp-content/plugins/khm-plugin/tests/MembershipNoteServiceTest.php" line="41" assertions="2" time="0.000056"/>
      </testsuite>
      <testsuite name="KHM\Tests\MembershipRepositoryTest" file="/Applications/XAMPP/xamppfiles/htdocs/magazine-site/wp-content/plugins/khm-plugin/tests/MembershipRepositoryTest.php" tests="5" assertions="13" errors="0" warnings="0" failures="0" skipped="0" time="0.008823">
        <testcase name="testGetByIdReturnsMembership" class="KHM\Tests\MembershipRepositoryTest" classname="KHM.Tests.MembershipRepositoryTest" file="/Applications/XAMPP/xamppfiles/htdocs/magazine-site/wp-content/plugins/khm-plugin/tests/MembershipRepositoryTest.php" line="210" assertions="3" time="0.007540"/>
        <testcase name="testCancelByIdUpdatesStatus" class="KHM\Tests\MembershipRepositoryTest" classname="KHM.Tests.MembershipRepositoryTest" file="/Applications/XAMPP/xamppfiles/htdocs/magazine-site/wp-content/plugins/khm-plugin/tests/MembershipRepositoryTest.php" line="217" assertions="3" time="0.000739"/>
        <testcase name="testReactivateByIdClearsEndDate" class="KHM\Tests\MembershipRepositoryTest" classname="KHM.Tests.MembershipRepositoryTest" file="/Applications/XAMPP/xamppfiles/htdocs/magazine-site/wp-content/plugins/khm-plugin/tests/MembershipRepositoryTest.php" line="226" assertions="3" time="0.000299"/>
        <testcase name="testDeleteByIdRemovesMembership" class="KHM\Tests\MembershipRepositoryTest" classname="KHM.Tests.MembershipRepositoryTest" file="/Applications/XAMPP/xamppfiles/htdocs/magazine-site/wp-content/plugins/khm-plugin/tests/MembershipRepositoryTest.php" line="237" assertions="2" time="0.000118"/>
        <testcase name="testGetManyReturnsRows" class="KHM\Tests\MembershipRepositoryTest" classname="KHM.Tests.MembershipRepositoryTest" file="/Applications/XAMPP/xamppfiles/htdocs/magazine-site/wp-content/plugins/khm-plugin/tests/MembershipRepositoryTest.php" line="242" assertions="2" time="0.000126"/>
      </testsuite>
      <testsuite name="KHM\Tests\MigrationTest" file="/Applications/XAMPP/xamppfiles/htdocs/magazine-site/wp-content/plugins/khm-plugin/tests/MigrationTest.php" tests="7" assertions="17" errors="0" warnings="0" failures="0" skipped="0" time="0.011824">
        <testcase name="testDryRunDoesNotApplyMigrations" class="KHM\Tests\MigrationTest" classname="KHM.Tests.MigrationTest" file="/Applications/XAMPP/xamppfiles/htdocs/magazine-site/wp-content/plugins/khm-plugin/tests/MigrationTest.php" line="82" assertions="3" time="0.002662"/>
        <testcase name="testApplyRunsMigrations" class="KHM\Tests\MigrationTest" classname="KHM.Tests.MigrationTest" file="/Applications/XAMPP/xamppfiles/htdocs/magazine-site/wp-content/plugins/khm-plugin/tests/MigrationTest.php" line="101" assertions="3" time="0.001575"/>
        <testcase name="testMigrationsAreTracked" class="KHM\Tests\MigrationTest" classname="KHM.Tests.MigrationTest" file="/Applications/XAMPP/xamppfiles/htdocs/magazine-site/wp-content/plugins/khm-plugin/tests/MigrationTest.php" line="120" assertions="3" time="0.001794"/>
        <testcase name="testMigrationErrorRollsBack" class="KHM\Tests\MigrationTest" classname="KHM.Tests.MigrationTest" file="/Applications/XAMPP/xamppfiles/htdocs/magazine-site/wp-content/plugins/khm-plugin/tests/MigrationTest.php" line="140" assertions="3" time="0.001330"/>
        <testcase name="testMigrationWithMultipleStatements" class="KHM\Tests\MigrationTest" classname="KHM.Tests.MigrationTest" file="/Applications/XAMPP/xamppfiles/htdocs/magazine-site/wp-content/plugins/khm-plugin/tests/MigrationTest.php" line="156" assertions="1" time="0.001770"/>
        <testcase name="testNoMigrationsReturnsNoMigrationsStatus" class="KHM\Tests\MigrationTest" classname="KHM.Tests.MigrationTest" file="/Applications/XAMPP/xamppfiles/htdocs/magazine-site/wp-content/plugins/khm-plugin/tests/MigrationTest.php" line="173" assertions="1" time="0.000803"/>
        <testcase name="testSpecificMigrationsCanBeRun" class="KHM\Tests\MigrationTest" classname="KHM.Tests.MigrationTest" file="/Applications/XAMPP/xamppfiles/htdocs/magazine-site/wp-content/plugins/khm-plugin/tests/MigrationTest.php" line="182" assertions="3" time="0.001889"/>
      </testsuite>
      <testsuite name="KHM\Tests\OrderRepositoryTest" file="/Applications/XAMPP/xamppfiles/htdocs/magazine-site/wp-content/plugins/khm-plugin/tests/OrderRepositoryTest.php" tests="9" assertions="26" errors="0" warnings="0" failures="0" skipped="0" time="0.003032">
        <testcase name="testGenerateCodeReturnsString" class="KHM\Tests\OrderRepositoryTest" classname="KHM.Tests.OrderRepositoryTest" file="/Applications/XAMPP/xamppfiles/htdocs/magazine-site/wp-content/plugins/khm-plugin/tests/OrderRepositoryTest.php" line="190" assertions="3" time="0.001149"/>
        <testcase name="testGenerateCodeReturnsUniqueValues" class="KHM\Tests\OrderRepositoryTest" classname="KHM.Tests.OrderRepositoryTest" file="/Applications/XAMPP/xamppfiles/htdocs/magazine-site/wp-content/plugins/khm-plugin/tests/OrderRepositoryTest.php" line="199" assertions="1" time="0.000402"/>
        <testcase name="testCalculateTaxReturnsZeroWhenNoTaxConfigured" class="KHM\Tests\OrderRepositoryTest" classname="KHM.Tests.OrderRepositoryTest" file="/Applications/XAMPP/xamppfiles/htdocs/magazine-site/wp-content/plugins/khm-plugin/tests/OrderRepositoryTest.php" line="207" assertions="1" time="0.000059"/>
        <testcase name="testCalculateTaxAppliesRateWhenStateMatches" class="KHM\Tests\OrderRepositoryTest" classname="KHM.Tests.OrderRepositoryTest" file="/Applications/XAMPP/xamppfiles/htdocs/magazine-site/wp-content/plugins/khm-plugin/tests/OrderRepositoryTest.php" line="218" assertions="1" time="0.000055"/>
        <testcase name="testCalculateTaxReturnsZeroWhenStateDoesNotMatch" class="KHM\Tests\OrderRepositoryTest" classname="KHM.Tests.OrderRepositoryTest" file="/Applications/XAMPP/xamppfiles/htdocs/magazine-site/wp-content/plugins/khm-plugin/tests/OrderRepositoryTest.php" line="232" assertions="1" time="0.000101"/>
        <testcase name="testCreatePersistsFailureMetadata" class="KHM\Tests\OrderRepositoryTest" classname="KHM.Tests.OrderRepositoryTest" file="/Applications/XAMPP/xamppfiles/htdocs/magazine-site/wp-content/plugins/khm-plugin/tests/OrderRepositoryTest.php" line="246" assertions="6" time="0.000153"/>
        <testcase name="testUpdatePersistsRefundMetadata" class="KHM\Tests\OrderRepositoryTest" classname="KHM.Tests.OrderRepositoryTest" file="/Applications/XAMPP/xamppfiles/htdocs/magazine-site/wp-content/plugins/khm-plugin/tests/OrderRepositoryTest.php" line="270" assertions="4" time="0.000081"/>
        <testcase name="testGetWithRelationsReturnsJoinedData" class="KHM\Tests\OrderRepositoryTest" classname="KHM.Tests.OrderRepositoryTest" file="/Applications/XAMPP/xamppfiles/htdocs/magazine-site/wp-content/plugins/khm-plugin/tests/OrderRepositoryTest.php" line="295" assertions="3" time="0.000089"/>
        <testcase name="testPaginateReturnsItemsAndTotal" class="KHM\Tests\OrderRepositoryTest" classname="KHM.Tests.OrderRepositoryTest" file="/Applications/XAMPP/xamppfiles/htdocs/magazine-site/wp-content/plugins/khm-plugin/tests/OrderRepositoryTest.php" line="311" assertions="6" time="0.000944"/>
      </testsuite>
      <testsuite name="KHM\Tests\PaymentMethodControllerRestTest" file="/Applications/XAMPP/xamppfiles/htdocs/magazine-site/wp-content/plugins/khm-plugin/tests/PaymentMethodControllerRestTest.php" tests="6" assertions="15" errors="0" warnings="0" failures="0" skipped="0" time="0.000962">
        <testcase name="testSetupIntentRequiresLogin" class="KHM\Tests\PaymentMethodControllerRestTest" classname="KHM.Tests.PaymentMethodControllerRestTest" file="/Applications/XAMPP/xamppfiles/htdocs/magazine-site/wp-content/plugins/khm-plugin/tests/PaymentMethodControllerRestTest.php" line="46" assertions="3" time="0.000609"/>
        <testcase name="testSetupIntentDelegatesToService" class="KHM\Tests\PaymentMethodControllerRestTest" classname="KHM.Tests.PaymentMethodControllerRestTest" file="/Applications/XAMPP/xamppfiles/htdocs/magazine-site/wp-content/plugins/khm-plugin/tests/PaymentMethodControllerRestTest.php" line="58" assertions="3" time="0.000069"/>
        <testcase name="testSetupIntentFailureReturns400" class="KHM\Tests\PaymentMethodControllerRestTest" classname="KHM.Tests.PaymentMethodControllerRestTest" file="/Applications/XAMPP/xamppfiles/htdocs/magazine-site/wp-content/plugins/khm-plugin/tests/PaymentMethodControllerRestTest.php" line="78" assertions="2" time="0.000080"/>
        <testcase name="testUpdateRequiresLogin" class="KHM\Tests\PaymentMethodControllerRestTest" classname="KHM.Tests.PaymentMethodControllerRestTest" file="/Applications/XAMPP/xamppfiles/htdocs/magazine-site/wp-content/plugins/khm-plugin/tests/PaymentMethodControllerRestTest.php" line="96" assertions="2" time="0.000055"/>
        <testcase name="testUpdateDelegatesToService" class="KHM\Tests\PaymentMethodControllerRestTest" classname="KHM.Tests.PaymentMethodControllerRestTest" file="/Applications/XAMPP/xamppfiles/htdocs/magazine-site/wp-content/plugins/khm-plugin/tests/PaymentMethodControllerRestTest.php" line="107" assertions="3" time="0.000057"/>
        <testcase name="testUpdateFailureReturns400" class="KHM\Tests\PaymentMethodControllerRestTest" classname="KHM.Tests.PaymentMethodControllerRestTest" file="/Applications/XAMPP/xamppfiles/htdocs/magazine-site/wp-content/plugins/khm-plugin/tests/PaymentMethodControllerRestTest.php" line="127" assertions="2" time="0.000091"/>
      </testsuite>
      <testsuite name="KHM\Tests\PaymentMethodServiceTest" file="/Applications/XAMPP/xamppfiles/htdocs/magazine-site/wp-content/plugins/khm-plugin/tests/PaymentMethodServiceTest.php" tests="4" assertions="19" errors="0" warnings="0" failures="0" skipped="0" time="0.000522">
        <testcase name="testCreateSetupIntentReturnsClientSecret" class="KHM\Tests\PaymentMethodServiceTest" classname="KHM.Tests.PaymentMethodServiceTest" file="/Applications/XAMPP/xamppfiles/htdocs/magazine-site/wp-content/plugins/khm-plugin/tests/PaymentMethodServiceTest.php" line="29" assertions="6" time="0.000152"/>
        <testcase name="testCreateSetupIntentHandlesAdapterException" class="KHM\Tests\PaymentMethodServiceTest" classname="KHM.Tests.PaymentMethodServiceTest" file="/Applications/XAMPP/xamppfiles/htdocs/magazine-site/wp-content/plugins/khm-plugin/tests/PaymentMethodServiceTest.php" line="75" assertions="2" time="0.000096"/>
        <testcase name="testApplyPaymentMethodUpdatesOrderCardDetails" class="KHM\Tests\PaymentMethodServiceTest" classname="KHM.Tests.PaymentMethodServiceTest" file="/Applications/XAMPP/xamppfiles/htdocs/magazine-site/wp-content/plugins/khm-plugin/tests/PaymentMethodServiceTest.php" line="102" assertions="8" time="0.000186"/>
        <testcase name="testApplyPaymentMethodHandlesExceptions" class="KHM\Tests\PaymentMethodServiceTest" classname="KHM.Tests.PaymentMethodServiceTest" file="/Applications/XAMPP/xamppfiles/htdocs/magazine-site/wp-content/plugins/khm-plugin/tests/PaymentMethodServiceTest.php" line="155" assertions="3" time="0.000088"/>
      </testsuite>
      <testsuite name="KHM\Tests\ScheduledTasksTest" file="/Applications/XAMPP/xamppfiles/htdocs/magazine-site/wp-content/plugins/khm-plugin/tests/ScheduledTasksTest.php" tests="2" assertions="2" errors="0" warnings="0" failures="0" skipped="0" time="0.026326">
        <testcase name="test_run_daily_expires_and_warns_and_returns_counts" class="KHM\Tests\ScheduledTasksTest" classname="KHM.Tests.ScheduledTasksTest" file="/Applications/XAMPP/xamppfiles/htdocs/magazine-site/wp-content/plugins/khm-plugin/tests/ScheduledTasksTest.php" line="39" assertions="1" time="0.026171"/>
        <testcase name="test_send_expiration_warnings_dedupes_by_usermeta" class="KHM\Tests\ScheduledTasksTest" classname="KHM.Tests.ScheduledTasksTest" file="/Applications/XAMPP/xamppfiles/htdocs/magazine-site/wp-content/plugins/khm-plugin/tests/ScheduledTasksTest.php" line="94" assertions="1" time="0.000155"/>
      </testsuite>
      <testsuite name="KHM\Tests\StripeGatewayTest" file="/Applications/XAMPP/xamppfiles/htdocs/magazine-site/wp-content/plugins/khm-plugin/tests/StripeGatewayTest.php" tests="6" assertions="12" errors="0" warnings="0" failures="0" skipped="0" time="0.211806">
        <testcase name="testGetGatewayNameReturnsStripe" class="KHM\Tests\StripeGatewayTest" classname="KHM.Tests.StripeGatewayTest" file="/Applications/XAMPP/xamppfiles/htdocs/magazine-site/wp-content/plugins/khm-plugin/tests/StripeGatewayTest.php" line="24" assertions="1" time="0.000058"/>
        <testcase name="testSetCredentialsSetsEnvironment" class="KHM\Tests\StripeGatewayTest" classname="KHM.Tests.StripeGatewayTest" file="/Applications/XAMPP/xamppfiles/htdocs/magazine-site/wp-content/plugins/khm-plugin/tests/StripeGatewayTest.php" line="29" assertions="1" time="0.000357"/>
        <testcase name="testChargeRequiresPaymentMethod" class="KHM\Tests\StripeGatewayTest" classname="KHM.Tests.StripeGatewayTest" file="/Applications/XAMPP/xamppfiles/htdocs/magazine-site/wp-content/plugins/khm-plugin/tests/StripeGatewayTest.php" line="40" assertions="3" time="0.000074"/>
        <testcase name="testRefundRequiresTransactionId" class="KHM\Tests\StripeGatewayTest" classname="KHM.Tests.StripeGatewayTest" file="/Applications/XAMPP/xamppfiles/htdocs/magazine-site/wp-content/plugins/khm-plugin/tests/StripeGatewayTest.php" line="54" assertions="3" time="0.000061"/>
        <testcase name="testVoidRequiresTransactionId" class="KHM\Tests\StripeGatewayTest" classname="KHM.Tests.StripeGatewayTest" file="/Applications/XAMPP/xamppfiles/htdocs/magazine-site/wp-content/plugins/khm-plugin/tests/StripeGatewayTest.php" line="65" assertions="3" time="0.000056"/>
        <testcase name="testCancelSubscriptionReturnsFalureForInvalidSubscription" class="KHM\Tests\StripeGatewayTest" classname="KHM.Tests.StripeGatewayTest" file="/Applications/XAMPP/xamppfiles/htdocs/magazine-site/wp-content/plugins/khm-plugin/tests/StripeGatewayTest.php" line="76" assertions="1" time="0.211201"/>
      </testsuite>
      <testsuite name="KHM\Tests\StripeWebhookVerifierTest" file="/Applications/XAMPP/xamppfiles/htdocs/magazine-site/wp-content/plugins/khm-plugin/tests/StripeWebhookVerifierTest.php" tests="7" assertions="11" errors="0" warnings="0" failures="0" skipped="0" time="0.002191">
        <testcase name="testVerifyReturnsFalseWithoutSignature" class="KHM\Tests\StripeWebhookVerifierTest" classname="KHM.Tests.StripeWebhookVerifierTest" file="/Applications/XAMPP/xamppfiles/htdocs/magazine-site/wp-content/plugins/khm-plugin/tests/StripeWebhookVerifierTest.php" line="23" assertions="1" time="0.000383"/>
        <testcase name="testParseEventReturnsObjectForValidJson" class="KHM\Tests\StripeWebhookVerifierTest" classname="KHM.Tests.StripeWebhookVerifierTest" file="/Applications/XAMPP/xamppfiles/htdocs/magazine-site/wp-content/plugins/khm-plugin/tests/StripeWebhookVerifierTest.php" line="34" assertions="3" time="0.000071"/>
        <testcase name="testParseEventThrowsExceptionForInvalidJson" class="KHM\Tests\StripeWebhookVerifierTest" classname="KHM.Tests.StripeWebhookVerifierTest" file="/Applications/XAMPP/xamppfiles/htdocs/magazine-site/wp-content/plugins/khm-plugin/tests/StripeWebhookVerifierTest.php" line="45" assertions="2" time="0.001269"/>
        <testcase name="testParseEventThrowsExceptionForMissingRequiredFields" class="KHM\Tests\StripeWebhookVerifierTest" classname="KHM.Tests.StripeWebhookVerifierTest" file="/Applications/XAMPP/xamppfiles/htdocs/magazine-site/wp-content/plugins/khm-plugin/tests/StripeWebhookVerifierTest.php" line="54" assertions="2" time="0.000080"/>
        <testcase name="testGetEventIdReturnsEventId" class="KHM\Tests\StripeWebhookVerifierTest" classname="KHM.Tests.StripeWebhookVerifierTest" file="/Applications/XAMPP/xamppfiles/htdocs/magazine-site/wp-content/plugins/khm-plugin/tests/StripeWebhookVerifierTest.php" line="63" assertions="1" time="0.000169"/>
        <testcase name="testGetEventTypeReturnsEventType" class="KHM\Tests\StripeWebhookVerifierTest" classname="KHM.Tests.StripeWebhookVerifierTest" file="/Applications/XAMPP/xamppfiles/htdocs/magazine-site/wp-content/plugins/khm-plugin/tests/StripeWebhookVerifierTest.php" line="72" assertions="1" time="0.000078"/>
        <testcase name="testGetEventIdReturnsEmptyStringWhenMissing" class="KHM\Tests\StripeWebhookVerifierTest" classname="KHM.Tests.StripeWebhookVerifierTest" file="/Applications/XAMPP/xamppfiles/htdocs/magazine-site/wp-content/plugins/khm-plugin/tests/StripeWebhookVerifierTest.php" line="81" assertions="1" time="0.000140"/>
      </testsuite>
      <testsuite name="KHM\Tests\SubscriptionControllerTest" file="/Applications/XAMPP/xamppfiles/htdocs/magazine-site/wp-content/plugins/khm-plugin/tests/SubscriptionControllerTest.php" tests="6" assertions="16" errors="0" warnings="0" failures="0" skipped="0" time="0.000966">
        <testcase name="testCancelReturnsErrorWhenNotLoggedIn" class="KHM\Tests\SubscriptionControllerTest" classname="KHM.Tests.SubscriptionControllerTest" file="/Applications/XAMPP/xamppfiles/htdocs/magazine-site/wp-content/plugins/khm-plugin/tests/SubscriptionControllerTest.php" line="46" assertions="3" time="0.000534"/>
        <testcase name="testCancelDelegatesToService" class="KHM\Tests\SubscriptionControllerTest" classname="KHM.Tests.SubscriptionControllerTest" file="/Applications/XAMPP/xamppfiles/htdocs/magazine-site/wp-content/plugins/khm-plugin/tests/SubscriptionControllerTest.php" line="58" assertions="3" time="0.000089"/>
        <testcase name="testCancelImmediatePassesFlagAndReturnsErrorOnFailure" class="KHM\Tests\SubscriptionControllerTest" classname="KHM.Tests.SubscriptionControllerTest" file="/Applications/XAMPP/xamppfiles/htdocs/magazine-site/wp-content/plugins/khm-plugin/tests/SubscriptionControllerTest.php" line="77" assertions="3" time="0.000066"/>
        <testcase name="testReactivateRequiresLogin" class="KHM\Tests\SubscriptionControllerTest" classname="KHM.Tests.SubscriptionControllerTest" file="/Applications/XAMPP/xamppfiles/htdocs/magazine-site/wp-content/plugins/khm-plugin/tests/SubscriptionControllerTest.php" line="96" assertions="2" time="0.000089"/>
        <testcase name="testReactivateDelegatesToService" class="KHM\Tests\SubscriptionControllerTest" classname="KHM.Tests.SubscriptionControllerTest" file="/Applications/XAMPP/xamppfiles/htdocs/magazine-site/wp-content/plugins/khm-plugin/tests/SubscriptionControllerTest.php" line="107" assertions="3" time="0.000078"/>
        <testcase name="testReactivateReturnsErrorOnFailure" class="KHM\Tests\SubscriptionControllerTest" classname="KHM.Tests.SubscriptionControllerTest" file="/Applications/XAMPP/xamppfiles/htdocs/magazine-site/wp-content/plugins/khm-plugin/tests/SubscriptionControllerTest.php" line="126" assertions="2" time="0.000111"/>
      </testsuite>
      <testsuite name="KHM\Tests\SubscriptionManagementServiceTest" file="/Applications/XAMPP/xamppfiles/htdocs/magazine-site/wp-content/plugins/khm-plugin/tests/SubscriptionManagementServiceTest.php" tests="8" assertions="30" errors="0" warnings="0" failures="0" skipped="0" time="0.000713">
        <testcase name="testCancelAtPeriodEndDelegatesToGatewayOnly" class="KHM\Tests\SubscriptionManagementServiceTest" classname="KHM.Tests.SubscriptionManagementServiceTest" file="/Applications/XAMPP/xamppfiles/htdocs/magazine-site/wp-content/plugins/khm-plugin/tests/SubscriptionManagementServiceTest.php" line="33" assertions="6" time="0.000172"/>
        <testcase name="testCancelImmediateUpdatesMembershipAndOrder" class="KHM\Tests\SubscriptionManagementServiceTest" classname="KHM.Tests.SubscriptionManagementServiceTest" file="/Applications/XAMPP/xamppfiles/htdocs/magazine-site/wp-content/plugins/khm-plugin/tests/SubscriptionManagementServiceTest.php" line="55" assertions="8" time="0.000133"/>
        <testcase name="testCancelFailsWhenGatewayReturnsError" class="KHM\Tests\SubscriptionManagementServiceTest" classname="KHM.Tests.SubscriptionManagementServiceTest" file="/Applications/XAMPP/xamppfiles/htdocs/magazine-site/wp-content/plugins/khm-plugin/tests/SubscriptionManagementServiceTest.php" line="84" assertions="4" time="0.000076"/>
        <testcase name="testCancelFailsWhenGatewayUnavailable" class="KHM\Tests\SubscriptionManagementServiceTest" classname="KHM.Tests.SubscriptionManagementServiceTest" file="/Applications/XAMPP/xamppfiles/htdocs/magazine-site/wp-content/plugins/khm-plugin/tests/SubscriptionManagementServiceTest.php" line="104" assertions="2" time="0.000094"/>
        <testcase name="testCancelFailsWithUnsupportedGateway" class="KHM\Tests\SubscriptionManagementServiceTest" classname="KHM.Tests.SubscriptionManagementServiceTest" file="/Applications/XAMPP/xamppfiles/htdocs/magazine-site/wp-content/plugins/khm-plugin/tests/SubscriptionManagementServiceTest.php" line="115" assertions="2" time="0.000062"/>
        <testcase name="testCancelFailsWhenNoSubscriptionOrderFound" class="KHM\Tests\SubscriptionManagementServiceTest" classname="KHM.Tests.SubscriptionManagementServiceTest" file="/Applications/XAMPP/xamppfiles/htdocs/magazine-site/wp-content/plugins/khm-plugin/tests/SubscriptionManagementServiceTest.php" line="125" assertions="2" time="0.000053"/>
        <testcase name="testReactivateDelegatesToGateway" class="KHM\Tests\SubscriptionManagementServiceTest" classname="KHM.Tests.SubscriptionManagementServiceTest" file="/Applications/XAMPP/xamppfiles/htdocs/magazine-site/wp-content/plugins/khm-plugin/tests/SubscriptionManagementServiceTest.php" line="133" assertions="4" time="0.000066"/>
        <testcase name="testReactivateFailsWhenGatewayReturnsError" class="KHM\Tests\SubscriptionManagementServiceTest" classname="KHM.Tests.SubscriptionManagementServiceTest" file="/Applications/XAMPP/xamppfiles/htdocs/magazine-site/wp-content/plugins/khm-plugin/tests/SubscriptionManagementServiceTest.php" line="156" assertions="2" time="0.000058"/>
      </testsuite>
      <testsuite name="KHM\Tests\WebhooksControllerTest" file="/Applications/XAMPP/xamppfiles/htdocs/magazine-site/wp-content/plugins/khm-plugin/tests/WebhooksControllerTest.php" tests="7" assertions="37" errors="0" warnings="0" failures="0" skipped="0" time="0.001433">
        <testcase name="test_invalid_signature_returns_error" class="KHM\Tests\WebhooksControllerTest" classname="KHM.Tests.WebhooksControllerTest" file="/Applications/XAMPP/xamppfiles/htdocs/magazine-site/wp-content/plugins/khm-plugin/tests/WebhooksControllerTest.php" line="487" assertions="2" time="0.000888"/>
        <testcase name="test_duplicate_event_short_circuits" class="KHM\Tests\WebhooksControllerTest" classname="KHM.Tests.WebhooksControllerTest" file="/Applications/XAMPP/xamppfiles/htdocs/magazine-site/wp-content/plugins/khm-plugin/tests/WebhooksControllerTest.php" line="504" assertions="3" time="0.000064"/>
        <testcase name="test_happy_path_marks_processed" class="KHM\Tests\WebhooksControllerTest" classname="KHM.Tests.WebhooksControllerTest" file="/Applications/XAMPP/xamppfiles/htdocs/magazine-site/wp-content/plugins/khm-plugin/tests/WebhooksControllerTest.php" line="522" assertions="5" time="0.000068"/>
        <testcase name="test_invoice_payment_failed_marks_membership_past_due" class="KHM\Tests\WebhooksControllerTest" classname="KHM.Tests.WebhooksControllerTest" file="/Applications/XAMPP/xamppfiles/htdocs/magazine-site/wp-content/plugins/khm-plugin/tests/WebhooksControllerTest.php" line="541" assertions="7" time="0.000141"/>
        <testcase name="test_charge_failed_creates_failed_order" class="KHM\Tests\WebhooksControllerTest" classname="KHM.Tests.WebhooksControllerTest" file="/Applications/XAMPP/xamppfiles/htdocs/magazine-site/wp-content/plugins/khm-plugin/tests/WebhooksControllerTest.php" line="575" assertions="7" time="0.000093"/>
        <testcase name="test_charge_refunded_updates_order_and_cancels_membership" class="KHM\Tests\WebhooksControllerTest" classname="KHM.Tests.WebhooksControllerTest" file="/Applications/XAMPP/xamppfiles/htdocs/magazine-site/wp-content/plugins/khm-plugin/tests/WebhooksControllerTest.php" line="610" assertions="6" time="0.000079"/>
        <testcase name="test_subscription_updated_syncs_membership" class="KHM\Tests\WebhooksControllerTest" classname="KHM.Tests.WebhooksControllerTest" file="/Applications/XAMPP/xamppfiles/htdocs/magazine-site/wp-content/plugins/khm-plugin/tests/WebhooksControllerTest.php" line="651" assertions="7" time="0.000100"/>
      </testsuite>
    </testsuite>
  </testsuite>
</testsuites>
