<?xml version="1.0" encoding="UTF-8"?>
<testsuites>
  <testsuite name="" tests="86" assertions="268" errors="0" warnings="0" failures="0" skipped="0" time="0.162022">
    <testsuite name="KHM Test Suite" tests="86" assertions="268" errors="0" warnings="0" failures="0" skipped="0" time="0.162022">
      <testsuite name="KHM\Tests\AdminOrderActionsTest" file="/Applications/XAMPP/xamppfiles/htdocs/magazine-site/wp-content/plugins/khm-plugin/tests/AdminOrderActionsTest.php" tests="3" assertions="20" errors="0" warnings="0" failures="0" skipped="0" time="0.002872">
        <testcase name="testHandleResendReceiptSendsMemberAndAdminEmail" class="KHM\Tests\AdminOrderActionsTest" classname="KHM.Tests.AdminOrderActionsTest" file="/Applications/XAMPP/xamppfiles/htdocs/magazine-site/wp-content/plugins/khm-plugin/tests/AdminOrderActionsTest.php" line="29" assertions="9" time="0.002130"/>
        <testcase name="testHandleRefundRecordedUpdatesNotesAndFiresSuccessAction" class="KHM\Tests\AdminOrderActionsTest" classname="KHM.Tests.AdminOrderActionsTest" file="/Applications/XAMPP/xamppfiles/htdocs/magazine-site/wp-content/plugins/khm-plugin/tests/AdminOrderActionsTest.php" line="74" assertions="6" time="0.000368"/>
        <testcase name="testHandleRefundRecordedTriggersFailureActionWhenGatewayFails" class="KHM\Tests\AdminOrderActionsTest" classname="KHM.Tests.AdminOrderActionsTest" file="/Applications/XAMPP/xamppfiles/htdocs/magazine-site/wp-content/plugins/khm-plugin/tests/AdminOrderActionsTest.php" line="105" assertions="5" time="0.000375"/>
      </testsuite>
      <testsuite name="KHM\Tests\DatabaseIdempotencyStoreTest" file="/Applications/XAMPP/xamppfiles/htdocs/magazine-site/wp-content/plugins/khm-plugin/tests/DatabaseIdempotencyStoreTest.php" tests="5" assertions="8" errors="0" warnings="0" failures="0" skipped="0" time="0.001017">
        <testcase name="testHasProcessedReturnsFalseForNewEvent" class="KHM\Tests\DatabaseIdempotencyStoreTest" classname="KHM.Tests.DatabaseIdempotencyStoreTest" file="/Applications/XAMPP/xamppfiles/htdocs/magazine-site/wp-content/plugins/khm-plugin/tests/DatabaseIdempotencyStoreTest.php" line="93" assertions="1" time="0.000297"/>
        <testcase name="testMarkProcessedStoresEvent" class="KHM\Tests\DatabaseIdempotencyStoreTest" classname="KHM.Tests.DatabaseIdempotencyStoreTest" file="/Applications/XAMPP/xamppfiles/htdocs/magazine-site/wp-content/plugins/khm-plugin/tests/DatabaseIdempotencyStoreTest.php" line="99" assertions="1" time="0.000128"/>
        <testcase name="testGetProcessedEventReturnsEventDetails" class="KHM\Tests\DatabaseIdempotencyStoreTest" classname="KHM.Tests.DatabaseIdempotencyStoreTest" file="/Applications/XAMPP/xamppfiles/htdocs/magazine-site/wp-content/plugins/khm-plugin/tests/DatabaseIdempotencyStoreTest.php" line="110" assertions="4" time="0.000311"/>
        <testcase name="testGetProcessedEventReturnsNullForUnknownEvent" class="KHM\Tests\DatabaseIdempotencyStoreTest" classname="KHM.Tests.DatabaseIdempotencyStoreTest" file="/Applications/XAMPP/xamppfiles/htdocs/magazine-site/wp-content/plugins/khm-plugin/tests/DatabaseIdempotencyStoreTest.php" line="126" assertions="1" time="0.000136"/>
        <testcase name="testCleanupRemovesOldEvents" class="KHM\Tests\DatabaseIdempotencyStoreTest" classname="KHM.Tests.DatabaseIdempotencyStoreTest" file="/Applications/XAMPP/xamppfiles/htdocs/magazine-site/wp-content/plugins/khm-plugin/tests/DatabaseIdempotencyStoreTest.php" line="132" assertions="1" time="0.000146"/>
      </testsuite>
      <testsuite name="KHM\Tests\DiscountCodeServiceTest" file="/Applications/XAMPP/xamppfiles/htdocs/magazine-site/wp-content/plugins/khm-plugin/tests/DiscountCodeServiceTest.php" tests="4" assertions="20" errors="0" warnings="0" failures="0" skipped="0" time="0.001415">
        <testcase name="testCreateCodePersistsLevels" class="KHM\Tests\DiscountCodeServiceTest" classname="KHM.Tests.DiscountCodeServiceTest" file="/Applications/XAMPP/xamppfiles/htdocs/magazine-site/wp-content/plugins/khm-plugin/tests/DiscountCodeServiceTest.php" line="227" assertions="5" time="0.000951"/>
        <testcase name="testUpdateCodeReplacesLevelMappings" class="KHM\Tests\DiscountCodeServiceTest" classname="KHM.Tests.DiscountCodeServiceTest" file="/Applications/XAMPP/xamppfiles/htdocs/magazine-site/wp-content/plugins/khm-plugin/tests/DiscountCodeServiceTest.php" line="252" assertions="6" time="0.000123"/>
        <testcase name="testDeleteCodeRemovesMappings" class="KHM\Tests\DiscountCodeServiceTest" classname="KHM.Tests.DiscountCodeServiceTest" file="/Applications/XAMPP/xamppfiles/htdocs/magazine-site/wp-content/plugins/khm-plugin/tests/DiscountCodeServiceTest.php" line="289" assertions="4" time="0.000091"/>
        <testcase name="testPaginateCodesSupportsSearchStatusAndLimit" class="KHM\Tests\DiscountCodeServiceTest" classname="KHM.Tests.DiscountCodeServiceTest" file="/Applications/XAMPP/xamppfiles/htdocs/magazine-site/wp-content/plugins/khm-plugin/tests/DiscountCodeServiceTest.php" line="314" assertions="5" time="0.000249"/>
      </testsuite>
      <testsuite name="ExampleTest" file="/Applications/XAMPP/xamppfiles/htdocs/magazine-site/wp-content/plugins/khm-plugin/tests/ExampleTest.php" tests="1" assertions="1" errors="0" warnings="0" failures="0" skipped="0" time="0.000058">
        <testcase name="testTrue" class="ExampleTest" classname="ExampleTest" file="/Applications/XAMPP/xamppfiles/htdocs/magazine-site/wp-content/plugins/khm-plugin/tests/ExampleTest.php" line="6" assertions="1" time="0.000058"/>
      </testsuite>
      <testsuite name="KHM\Tests\LevelRepositoryTest" file="/Applications/XAMPP/xamppfiles/htdocs/magazine-site/wp-content/plugins/khm-plugin/tests/LevelRepositoryTest.php" tests="3" assertions="12" errors="0" warnings="0" failures="0" skipped="0" time="0.000645">
        <testcase name="testCreatePersistsLevel" class="KHM\Tests\LevelRepositoryTest" classname="KHM.Tests.LevelRepositoryTest" file="/Applications/XAMPP/xamppfiles/htdocs/magazine-site/wp-content/plugins/khm-plugin/tests/LevelRepositoryTest.php" line="126" assertions="4" time="0.000476"/>
        <testcase name="testUpdatePersistsChanges" class="KHM\Tests\LevelRepositoryTest" classname="KHM.Tests.LevelRepositoryTest" file="/Applications/XAMPP/xamppfiles/htdocs/magazine-site/wp-content/plugins/khm-plugin/tests/LevelRepositoryTest.php" line="147" assertions="5" time="0.000091"/>
        <testcase name="testDeleteRemovesLevel" class="KHM\Tests\LevelRepositoryTest" classname="KHM.Tests.LevelRepositoryTest" file="/Applications/XAMPP/xamppfiles/htdocs/magazine-site/wp-content/plugins/khm-plugin/tests/LevelRepositoryTest.php" line="176" assertions="3" time="0.000079"/>
      </testsuite>
      <testsuite name="KHM\Tests\MembershipNoteServiceTest" file="/Applications/XAMPP/xamppfiles/htdocs/magazine-site/wp-content/plugins/khm-plugin/tests/MembershipNoteServiceTest.php" tests="3" assertions="9" errors="0" warnings="0" failures="0" skipped="0" time="0.000320">
        <testcase name="testAddNotePersistsAndFetches" class="KHM\Tests\MembershipNoteServiceTest" classname="KHM.Tests.MembershipNoteServiceTest" file="/Applications/XAMPP/xamppfiles/htdocs/magazine-site/wp-content/plugins/khm-plugin/tests/MembershipNoteServiceTest.php" line="18" assertions="4" time="0.000193"/>
        <testcase name="testDeleteNoteRemovesEntry" class="KHM\Tests\MembershipNoteServiceTest" classname="KHM.Tests.MembershipNoteServiceTest" file="/Applications/XAMPP/xamppfiles/htdocs/magazine-site/wp-content/plugins/khm-plugin/tests/MembershipNoteServiceTest.php" line="29" assertions="3" time="0.000070"/>
        <testcase name="testAddNoteIgnoresEmptyContent" class="KHM\Tests\MembershipNoteServiceTest" classname="KHM.Tests.MembershipNoteServiceTest" file="/Applications/XAMPP/xamppfiles/htdocs/magazine-site/wp-content/plugins/khm-plugin/tests/MembershipNoteServiceTest.php" line="41" assertions="2" time="0.000057"/>
      </testsuite>
      <testsuite name="KHM\Tests\MembershipRepositoryTest" file="/Applications/XAMPP/xamppfiles/htdocs/magazine-site/wp-content/plugins/khm-plugin/tests/MembershipRepositoryTest.php" tests="5" assertions="13" errors="0" warnings="0" failures="0" skipped="0" time="0.000966">
        <testcase name="testGetByIdReturnsMembership" class="KHM\Tests\MembershipRepositoryTest" classname="KHM.Tests.MembershipRepositoryTest" file="/Applications/XAMPP/xamppfiles/htdocs/magazine-site/wp-content/plugins/khm-plugin/tests/MembershipRepositoryTest.php" line="210" assertions="3" time="0.000548"/>
        <testcase name="testCancelByIdUpdatesStatus" class="KHM\Tests\MembershipRepositoryTest" classname="KHM.Tests.MembershipRepositoryTest" file="/Applications/XAMPP/xamppfiles/htdocs/magazine-site/wp-content/plugins/khm-plugin/tests/MembershipRepositoryTest.php" line="217" assertions="3" time="0.000194"/>
        <testcase name="testReactivateByIdClearsEndDate" class="KHM\Tests\MembershipRepositoryTest" classname="KHM.Tests.MembershipRepositoryTest" file="/Applications/XAMPP/xamppfiles/htdocs/magazine-site/wp-content/plugins/khm-plugin/tests/MembershipRepositoryTest.php" line="226" assertions="3" time="0.000079"/>
        <testcase name="testDeleteByIdRemovesMembership" class="KHM\Tests\MembershipRepositoryTest" classname="KHM.Tests.MembershipRepositoryTest" file="/Applications/XAMPP/xamppfiles/htdocs/magazine-site/wp-content/plugins/khm-plugin/tests/MembershipRepositoryTest.php" line="237" assertions="2" time="0.000061"/>
        <testcase name="testGetManyReturnsRows" class="KHM\Tests\MembershipRepositoryTest" classname="KHM.Tests.MembershipRepositoryTest" file="/Applications/XAMPP/xamppfiles/htdocs/magazine-site/wp-content/plugins/khm-plugin/tests/MembershipRepositoryTest.php" line="242" assertions="2" time="0.000083"/>
      </testsuite>
      <testsuite name="KHM\Tests\MigrationTest" file="/Applications/XAMPP/xamppfiles/htdocs/magazine-site/wp-content/plugins/khm-plugin/tests/MigrationTest.php" tests="7" assertions="17" errors="0" warnings="0" failures="0" skipped="0" time="0.016360">
        <testcase name="testDryRunDoesNotApplyMigrations" class="KHM\Tests\MigrationTest" classname="KHM.Tests.MigrationTest" file="/Applications/XAMPP/xamppfiles/htdocs/magazine-site/wp-content/plugins/khm-plugin/tests/MigrationTest.php" line="82" assertions="3" time="0.007221"/>
        <testcase name="testApplyRunsMigrations" class="KHM\Tests\MigrationTest" classname="KHM.Tests.MigrationTest" file="/Applications/XAMPP/xamppfiles/htdocs/magazine-site/wp-content/plugins/khm-plugin/tests/MigrationTest.php" line="101" assertions="3" time="0.001597"/>
        <testcase name="testMigrationsAreTracked" class="KHM\Tests\MigrationTest" classname="KHM.Tests.MigrationTest" file="/Applications/XAMPP/xamppfiles/htdocs/magazine-site/wp-content/plugins/khm-plugin/tests/MigrationTest.php" line="120" assertions="3" time="0.001844"/>
        <testcase name="testMigrationErrorRollsBack" class="KHM\Tests\MigrationTest" classname="KHM.Tests.MigrationTest" file="/Applications/XAMPP/xamppfiles/htdocs/magazine-site/wp-content/plugins/khm-plugin/tests/MigrationTest.php" line="140" assertions="3" time="0.001456"/>
        <testcase name="testMigrationWithMultipleStatements" class="KHM\Tests\MigrationTest" classname="KHM.Tests.MigrationTest" file="/Applications/XAMPP/xamppfiles/htdocs/magazine-site/wp-content/plugins/khm-plugin/tests/MigrationTest.php" line="156" assertions="1" time="0.001446"/>
        <testcase name="testNoMigrationsReturnsNoMigrationsStatus" class="KHM\Tests\MigrationTest" classname="KHM.Tests.MigrationTest" file="/Applications/XAMPP/xamppfiles/htdocs/magazine-site/wp-content/plugins/khm-plugin/tests/MigrationTest.php" line="173" assertions="1" time="0.000845"/>
        <testcase name="testSpecificMigrationsCanBeRun" class="KHM\Tests\MigrationTest" classname="KHM.Tests.MigrationTest" file="/Applications/XAMPP/xamppfiles/htdocs/magazine-site/wp-content/plugins/khm-plugin/tests/MigrationTest.php" line="182" assertions="3" time="0.001952"/>
      </testsuite>
      <testsuite name="KHM\Tests\OrderRepositoryTest" file="/Applications/XAMPP/xamppfiles/htdocs/magazine-site/wp-content/plugins/khm-plugin/tests/OrderRepositoryTest.php" tests="9" assertions="26" errors="0" warnings="0" failures="0" skipped="0" time="0.001932">
        <testcase name="testGenerateCodeReturnsString" class="KHM\Tests\OrderRepositoryTest" classname="KHM.Tests.OrderRepositoryTest" file="/Applications/XAMPP/xamppfiles/htdocs/magazine-site/wp-content/plugins/khm-plugin/tests/OrderRepositoryTest.php" line="190" assertions="3" time="0.000795"/>
        <testcase name="testGenerateCodeReturnsUniqueValues" class="KHM\Tests\OrderRepositoryTest" classname="KHM.Tests.OrderRepositoryTest" file="/Applications/XAMPP/xamppfiles/htdocs/magazine-site/wp-content/plugins/khm-plugin/tests/OrderRepositoryTest.php" line="199" assertions="1" time="0.000203"/>
        <testcase name="testCalculateTaxReturnsZeroWhenNoTaxConfigured" class="KHM\Tests\OrderRepositoryTest" classname="KHM.Tests.OrderRepositoryTest" file="/Applications/XAMPP/xamppfiles/htdocs/magazine-site/wp-content/plugins/khm-plugin/tests/OrderRepositoryTest.php" line="207" assertions="1" time="0.000059"/>
        <testcase name="testCalculateTaxAppliesRateWhenStateMatches" class="KHM\Tests\OrderRepositoryTest" classname="KHM.Tests.OrderRepositoryTest" file="/Applications/XAMPP/xamppfiles/htdocs/magazine-site/wp-content/plugins/khm-plugin/tests/OrderRepositoryTest.php" line="218" assertions="1" time="0.000056"/>
        <testcase name="testCalculateTaxReturnsZeroWhenStateDoesNotMatch" class="KHM\Tests\OrderRepositoryTest" classname="KHM.Tests.OrderRepositoryTest" file="/Applications/XAMPP/xamppfiles/htdocs/magazine-site/wp-content/plugins/khm-plugin/tests/OrderRepositoryTest.php" line="232" assertions="1" time="0.000076"/>
        <testcase name="testCreatePersistsFailureMetadata" class="KHM\Tests\OrderRepositoryTest" classname="KHM.Tests.OrderRepositoryTest" file="/Applications/XAMPP/xamppfiles/htdocs/magazine-site/wp-content/plugins/khm-plugin/tests/OrderRepositoryTest.php" line="246" assertions="6" time="0.000158"/>
        <testcase name="testUpdatePersistsRefundMetadata" class="KHM\Tests\OrderRepositoryTest" classname="KHM.Tests.OrderRepositoryTest" file="/Applications/XAMPP/xamppfiles/htdocs/magazine-site/wp-content/plugins/khm-plugin/tests/OrderRepositoryTest.php" line="270" assertions="4" time="0.000081"/>
        <testcase name="testGetWithRelationsReturnsJoinedData" class="KHM\Tests\OrderRepositoryTest" classname="KHM.Tests.OrderRepositoryTest" file="/Applications/XAMPP/xamppfiles/htdocs/magazine-site/wp-content/plugins/khm-plugin/tests/OrderRepositoryTest.php" line="295" assertions="3" time="0.000094"/>
        <testcase name="testPaginateReturnsItemsAndTotal" class="KHM\Tests\OrderRepositoryTest" classname="KHM.Tests.OrderRepositoryTest" file="/Applications/XAMPP/xamppfiles/htdocs/magazine-site/wp-content/plugins/khm-plugin/tests/OrderRepositoryTest.php" line="311" assertions="6" time="0.000410"/>
      </testsuite>
      <testsuite name="KHM\Tests\PaymentMethodControllerRestTest" file="/Applications/XAMPP/xamppfiles/htdocs/magazine-site/wp-content/plugins/khm-plugin/tests/PaymentMethodControllerRestTest.php" tests="6" assertions="15" errors="0" warnings="0" failures="0" skipped="0" time="0.000594">
        <testcase name="testSetupIntentRequiresLogin" class="KHM\Tests\PaymentMethodControllerRestTest" classname="KHM.Tests.PaymentMethodControllerRestTest" file="/Applications/XAMPP/xamppfiles/htdocs/magazine-site/wp-content/plugins/khm-plugin/tests/PaymentMethodControllerRestTest.php" line="46" assertions="3" time="0.000283"/>
        <testcase name="testSetupIntentDelegatesToService" class="KHM\Tests\PaymentMethodControllerRestTest" classname="KHM.Tests.PaymentMethodControllerRestTest" file="/Applications/XAMPP/xamppfiles/htdocs/magazine-site/wp-content/plugins/khm-plugin/tests/PaymentMethodControllerRestTest.php" line="58" assertions="3" time="0.000063"/>
        <testcase name="testSetupIntentFailureReturns400" class="KHM\Tests\PaymentMethodControllerRestTest" classname="KHM.Tests.PaymentMethodControllerRestTest" file="/Applications/XAMPP/xamppfiles/htdocs/magazine-site/wp-content/plugins/khm-plugin/tests/PaymentMethodControllerRestTest.php" line="78" assertions="2" time="0.000054"/>
        <testcase name="testUpdateRequiresLogin" class="KHM\Tests\PaymentMethodControllerRestTest" classname="KHM.Tests.PaymentMethodControllerRestTest" file="/Applications/XAMPP/xamppfiles/htdocs/magazine-site/wp-content/plugins/khm-plugin/tests/PaymentMethodControllerRestTest.php" line="96" assertions="2" time="0.000082"/>
        <testcase name="testUpdateDelegatesToService" class="KHM\Tests\PaymentMethodControllerRestTest" classname="KHM.Tests.PaymentMethodControllerRestTest" file="/Applications/XAMPP/xamppfiles/htdocs/magazine-site/wp-content/plugins/khm-plugin/tests/PaymentMethodControllerRestTest.php" line="107" assertions="3" time="0.000058"/>
        <testcase name="testUpdateFailureReturns400" class="KHM\Tests\PaymentMethodControllerRestTest" classname="KHM.Tests.PaymentMethodControllerRestTest" file="/Applications/XAMPP/xamppfiles/htdocs/magazine-site/wp-content/plugins/khm-plugin/tests/PaymentMethodControllerRestTest.php" line="127" assertions="2" time="0.000055"/>
      </testsuite>
      <testsuite name="KHM\Tests\PaymentMethodServiceTest" file="/Applications/XAMPP/xamppfiles/htdocs/magazine-site/wp-content/plugins/khm-plugin/tests/PaymentMethodServiceTest.php" tests="4" assertions="19" errors="0" warnings="0" failures="0" skipped="0" time="0.000497">
        <testcase name="testCreateSetupIntentReturnsClientSecret" class="KHM\Tests\PaymentMethodServiceTest" classname="KHM.Tests.PaymentMethodServiceTest" file="/Applications/XAMPP/xamppfiles/htdocs/magazine-site/wp-content/plugins/khm-plugin/tests/PaymentMethodServiceTest.php" line="29" assertions="6" time="0.000194"/>
        <testcase name="testCreateSetupIntentHandlesAdapterException" class="KHM\Tests\PaymentMethodServiceTest" classname="KHM.Tests.PaymentMethodServiceTest" file="/Applications/XAMPP/xamppfiles/htdocs/magazine-site/wp-content/plugins/khm-plugin/tests/PaymentMethodServiceTest.php" line="75" assertions="2" time="0.000108"/>
        <testcase name="testApplyPaymentMethodUpdatesOrderCardDetails" class="KHM\Tests\PaymentMethodServiceTest" classname="KHM.Tests.PaymentMethodServiceTest" file="/Applications/XAMPP/xamppfiles/htdocs/magazine-site/wp-content/plugins/khm-plugin/tests/PaymentMethodServiceTest.php" line="102" assertions="8" time="0.000117"/>
        <testcase name="testApplyPaymentMethodHandlesExceptions" class="KHM\Tests\PaymentMethodServiceTest" classname="KHM.Tests.PaymentMethodServiceTest" file="/Applications/XAMPP/xamppfiles/htdocs/magazine-site/wp-content/plugins/khm-plugin/tests/PaymentMethodServiceTest.php" line="155" assertions="3" time="0.000078"/>
      </testsuite>
      <testsuite name="KHM\Tests\ScheduledTasksTest" file="/Applications/XAMPP/xamppfiles/htdocs/magazine-site/wp-content/plugins/khm-plugin/tests/ScheduledTasksTest.php" tests="2" assertions="2" errors="0" warnings="0" failures="0" skipped="0" time="0.008095">
        <testcase name="test_run_daily_expires_and_warns_and_returns_counts" class="KHM\Tests\ScheduledTasksTest" classname="KHM.Tests.ScheduledTasksTest" file="/Applications/XAMPP/xamppfiles/htdocs/magazine-site/wp-content/plugins/khm-plugin/tests/ScheduledTasksTest.php" line="39" assertions="1" time="0.007943"/>
        <testcase name="test_send_expiration_warnings_dedupes_by_usermeta" class="KHM\Tests\ScheduledTasksTest" classname="KHM.Tests.ScheduledTasksTest" file="/Applications/XAMPP/xamppfiles/htdocs/magazine-site/wp-content/plugins/khm-plugin/tests/ScheduledTasksTest.php" line="94" assertions="1" time="0.000153"/>
      </testsuite>
      <testsuite name="KHM\Tests\StripeGatewayTest" file="/Applications/XAMPP/xamppfiles/htdocs/magazine-site/wp-content/plugins/khm-plugin/tests/StripeGatewayTest.php" tests="6" assertions="12" errors="0" warnings="0" failures="0" skipped="0" time="0.123719">
        <testcase name="testGetGatewayNameReturnsStripe" class="KHM\Tests\StripeGatewayTest" classname="KHM.Tests.StripeGatewayTest" file="/Applications/XAMPP/xamppfiles/htdocs/magazine-site/wp-content/plugins/khm-plugin/tests/StripeGatewayTest.php" line="24" assertions="1" time="0.000061"/>
        <testcase name="testSetCredentialsSetsEnvironment" class="KHM\Tests\StripeGatewayTest" classname="KHM.Tests.StripeGatewayTest" file="/Applications/XAMPP/xamppfiles/htdocs/magazine-site/wp-content/plugins/khm-plugin/tests/StripeGatewayTest.php" line="29" assertions="1" time="0.000191"/>
        <testcase name="testChargeRequiresPaymentMethod" class="KHM\Tests\StripeGatewayTest" classname="KHM.Tests.StripeGatewayTest" file="/Applications/XAMPP/xamppfiles/htdocs/magazine-site/wp-content/plugins/khm-plugin/tests/StripeGatewayTest.php" line="40" assertions="3" time="0.000085"/>
        <testcase name="testRefundRequiresTransactionId" class="KHM\Tests\StripeGatewayTest" classname="KHM.Tests.StripeGatewayTest" file="/Applications/XAMPP/xamppfiles/htdocs/magazine-site/wp-content/plugins/khm-plugin/tests/StripeGatewayTest.php" line="54" assertions="3" time="0.000058"/>
        <testcase name="testVoidRequiresTransactionId" class="KHM\Tests\StripeGatewayTest" classname="KHM.Tests.StripeGatewayTest" file="/Applications/XAMPP/xamppfiles/htdocs/magazine-site/wp-content/plugins/khm-plugin/tests/StripeGatewayTest.php" line="65" assertions="3" time="0.000072"/>
        <testcase name="testCancelSubscriptionReturnsFalureForInvalidSubscription" class="KHM\Tests\StripeGatewayTest" classname="KHM.Tests.StripeGatewayTest" file="/Applications/XAMPP/xamppfiles/htdocs/magazine-site/wp-content/plugins/khm-plugin/tests/StripeGatewayTest.php" line="76" assertions="1" time="0.123252"/>
      </testsuite>
      <testsuite name="KHM\Tests\StripeWebhookVerifierTest" file="/Applications/XAMPP/xamppfiles/htdocs/magazine-site/wp-content/plugins/khm-plugin/tests/StripeWebhookVerifierTest.php" tests="7" assertions="11" errors="0" warnings="0" failures="0" skipped="0" time="0.000907">
        <testcase name="testVerifyReturnsFalseWithoutSignature" class="KHM\Tests\StripeWebhookVerifierTest" classname="KHM.Tests.StripeWebhookVerifierTest" file="/Applications/XAMPP/xamppfiles/htdocs/magazine-site/wp-content/plugins/khm-plugin/tests/StripeWebhookVerifierTest.php" line="23" assertions="1" time="0.000191"/>
        <testcase name="testParseEventReturnsObjectForValidJson" class="KHM\Tests\StripeWebhookVerifierTest" classname="KHM.Tests.StripeWebhookVerifierTest" file="/Applications/XAMPP/xamppfiles/htdocs/magazine-site/wp-content/plugins/khm-plugin/tests/StripeWebhookVerifierTest.php" line="34" assertions="3" time="0.000084"/>
        <testcase name="testParseEventThrowsExceptionForInvalidJson" class="KHM\Tests\StripeWebhookVerifierTest" classname="KHM.Tests.StripeWebhookVerifierTest" file="/Applications/XAMPP/xamppfiles/htdocs/magazine-site/wp-content/plugins/khm-plugin/tests/StripeWebhookVerifierTest.php" line="45" assertions="2" time="0.000419"/>
        <testcase name="testParseEventThrowsExceptionForMissingRequiredFields" class="KHM\Tests\StripeWebhookVerifierTest" classname="KHM.Tests.StripeWebhookVerifierTest" file="/Applications/XAMPP/xamppfiles/htdocs/magazine-site/wp-content/plugins/khm-plugin/tests/StripeWebhookVerifierTest.php" line="54" assertions="2" time="0.000065"/>
        <testcase name="testGetEventIdReturnsEventId" class="KHM\Tests\StripeWebhookVerifierTest" classname="KHM.Tests.StripeWebhookVerifierTest" file="/Applications/XAMPP/xamppfiles/htdocs/magazine-site/wp-content/plugins/khm-plugin/tests/StripeWebhookVerifierTest.php" line="63" assertions="1" time="0.000051"/>
        <testcase name="testGetEventTypeReturnsEventType" class="KHM\Tests\StripeWebhookVerifierTest" classname="KHM.Tests.StripeWebhookVerifierTest" file="/Applications/XAMPP/xamppfiles/htdocs/magazine-site/wp-content/plugins/khm-plugin/tests/StripeWebhookVerifierTest.php" line="72" assertions="1" time="0.000048"/>
        <testcase name="testGetEventIdReturnsEmptyStringWhenMissing" class="KHM\Tests\StripeWebhookVerifierTest" classname="KHM.Tests.StripeWebhookVerifierTest" file="/Applications/XAMPP/xamppfiles/htdocs/magazine-site/wp-content/plugins/khm-plugin/tests/StripeWebhookVerifierTest.php" line="81" assertions="1" time="0.000049"/>
      </testsuite>
      <testsuite name="KHM\Tests\SubscriptionControllerTest" file="/Applications/XAMPP/xamppfiles/htdocs/magazine-site/wp-content/plugins/khm-plugin/tests/SubscriptionControllerTest.php" tests="6" assertions="16" errors="0" warnings="0" failures="0" skipped="0" time="0.000534">
        <testcase name="testCancelReturnsErrorWhenNotLoggedIn" class="KHM\Tests\SubscriptionControllerTest" classname="KHM.Tests.SubscriptionControllerTest" file="/Applications/XAMPP/xamppfiles/htdocs/magazine-site/wp-content/plugins/khm-plugin/tests/SubscriptionControllerTest.php" line="46" assertions="3" time="0.000220"/>
        <testcase name="testCancelDelegatesToService" class="KHM\Tests\SubscriptionControllerTest" classname="KHM.Tests.SubscriptionControllerTest" file="/Applications/XAMPP/xamppfiles/htdocs/magazine-site/wp-content/plugins/khm-plugin/tests/SubscriptionControllerTest.php" line="58" assertions="3" time="0.000063"/>
        <testcase name="testCancelImmediatePassesFlagAndReturnsErrorOnFailure" class="KHM\Tests\SubscriptionControllerTest" classname="KHM.Tests.SubscriptionControllerTest" file="/Applications/XAMPP/xamppfiles/htdocs/magazine-site/wp-content/plugins/khm-plugin/tests/SubscriptionControllerTest.php" line="77" assertions="3" time="0.000055"/>
        <testcase name="testReactivateRequiresLogin" class="KHM\Tests\SubscriptionControllerTest" classname="KHM.Tests.SubscriptionControllerTest" file="/Applications/XAMPP/xamppfiles/htdocs/magazine-site/wp-content/plugins/khm-plugin/tests/SubscriptionControllerTest.php" line="96" assertions="2" time="0.000053"/>
        <testcase name="testReactivateDelegatesToService" class="KHM\Tests\SubscriptionControllerTest" classname="KHM.Tests.SubscriptionControllerTest" file="/Applications/XAMPP/xamppfiles/htdocs/magazine-site/wp-content/plugins/khm-plugin/tests/SubscriptionControllerTest.php" line="107" assertions="3" time="0.000053"/>
        <testcase name="testReactivateReturnsErrorOnFailure" class="KHM\Tests\SubscriptionControllerTest" classname="KHM.Tests.SubscriptionControllerTest" file="/Applications/XAMPP/xamppfiles/htdocs/magazine-site/wp-content/plugins/khm-plugin/tests/SubscriptionControllerTest.php" line="126" assertions="2" time="0.000090"/>
      </testsuite>
      <testsuite name="KHM\Tests\SubscriptionManagementServiceTest" file="/Applications/XAMPP/xamppfiles/htdocs/magazine-site/wp-content/plugins/khm-plugin/tests/SubscriptionManagementServiceTest.php" tests="8" assertions="30" errors="0" warnings="0" failures="0" skipped="0" time="0.000561">
        <testcase name="testCancelAtPeriodEndDelegatesToGatewayOnly" class="KHM\Tests\SubscriptionManagementServiceTest" classname="KHM.Tests.SubscriptionManagementServiceTest" file="/Applications/XAMPP/xamppfiles/htdocs/magazine-site/wp-content/plugins/khm-plugin/tests/SubscriptionManagementServiceTest.php" line="33" assertions="6" time="0.000094"/>
        <testcase name="testCancelImmediateUpdatesMembershipAndOrder" class="KHM\Tests\SubscriptionManagementServiceTest" classname="KHM.Tests.SubscriptionManagementServiceTest" file="/Applications/XAMPP/xamppfiles/htdocs/magazine-site/wp-content/plugins/khm-plugin/tests/SubscriptionManagementServiceTest.php" line="55" assertions="8" time="0.000111"/>
        <testcase name="testCancelFailsWhenGatewayReturnsError" class="KHM\Tests\SubscriptionManagementServiceTest" classname="KHM.Tests.SubscriptionManagementServiceTest" file="/Applications/XAMPP/xamppfiles/htdocs/magazine-site/wp-content/plugins/khm-plugin/tests/SubscriptionManagementServiceTest.php" line="84" assertions="4" time="0.000068"/>
        <testcase name="testCancelFailsWhenGatewayUnavailable" class="KHM\Tests\SubscriptionManagementServiceTest" classname="KHM.Tests.SubscriptionManagementServiceTest" file="/Applications/XAMPP/xamppfiles/htdocs/magazine-site/wp-content/plugins/khm-plugin/tests/SubscriptionManagementServiceTest.php" line="104" assertions="2" time="0.000059"/>
        <testcase name="testCancelFailsWithUnsupportedGateway" class="KHM\Tests\SubscriptionManagementServiceTest" classname="KHM.Tests.SubscriptionManagementServiceTest" file="/Applications/XAMPP/xamppfiles/htdocs/magazine-site/wp-content/plugins/khm-plugin/tests/SubscriptionManagementServiceTest.php" line="115" assertions="2" time="0.000055"/>
        <testcase name="testCancelFailsWhenNoSubscriptionOrderFound" class="KHM\Tests\SubscriptionManagementServiceTest" classname="KHM.Tests.SubscriptionManagementServiceTest" file="/Applications/XAMPP/xamppfiles/htdocs/magazine-site/wp-content/plugins/khm-plugin/tests/SubscriptionManagementServiceTest.php" line="125" assertions="2" time="0.000053"/>
        <testcase name="testReactivateDelegatesToGateway" class="KHM\Tests\SubscriptionManagementServiceTest" classname="KHM.Tests.SubscriptionManagementServiceTest" file="/Applications/XAMPP/xamppfiles/htdocs/magazine-site/wp-content/plugins/khm-plugin/tests/SubscriptionManagementServiceTest.php" line="133" assertions="4" time="0.000063"/>
        <testcase name="testReactivateFailsWhenGatewayReturnsError" class="KHM\Tests\SubscriptionManagementServiceTest" classname="KHM.Tests.SubscriptionManagementServiceTest" file="/Applications/XAMPP/xamppfiles/htdocs/magazine-site/wp-content/plugins/khm-plugin/tests/SubscriptionManagementServiceTest.php" line="156" assertions="2" time="0.000059"/>
      </testsuite>
      <testsuite name="KHM\Tests\WebhooksControllerTest" file="/Applications/XAMPP/xamppfiles/htdocs/magazine-site/wp-content/plugins/khm-plugin/tests/WebhooksControllerTest.php" tests="7" assertions="37" errors="0" warnings="0" failures="0" skipped="0" time="0.001528">
        <testcase name="test_invalid_signature_returns_error" class="KHM\Tests\WebhooksControllerTest" classname="KHM.Tests.WebhooksControllerTest" file="/Applications/XAMPP/xamppfiles/htdocs/magazine-site/wp-content/plugins/khm-plugin/tests/WebhooksControllerTest.php" line="487" assertions="2" time="0.000636"/>
        <testcase name="test_duplicate_event_short_circuits" class="KHM\Tests\WebhooksControllerTest" classname="KHM.Tests.WebhooksControllerTest" file="/Applications/XAMPP/xamppfiles/htdocs/magazine-site/wp-content/plugins/khm-plugin/tests/WebhooksControllerTest.php" line="504" assertions="3" time="0.000068"/>
        <testcase name="test_happy_path_marks_processed" class="KHM\Tests\WebhooksControllerTest" classname="KHM.Tests.WebhooksControllerTest" file="/Applications/XAMPP/xamppfiles/htdocs/magazine-site/wp-content/plugins/khm-plugin/tests/WebhooksControllerTest.php" line="522" assertions="5" time="0.000071"/>
        <testcase name="test_invoice_payment_failed_marks_membership_past_due" class="KHM\Tests\WebhooksControllerTest" classname="KHM.Tests.WebhooksControllerTest" file="/Applications/XAMPP/xamppfiles/htdocs/magazine-site/wp-content/plugins/khm-plugin/tests/WebhooksControllerTest.php" line="541" assertions="7" time="0.000175"/>
        <testcase name="test_charge_failed_creates_failed_order" class="KHM\Tests\WebhooksControllerTest" classname="KHM.Tests.WebhooksControllerTest" file="/Applications/XAMPP/xamppfiles/htdocs/magazine-site/wp-content/plugins/khm-plugin/tests/WebhooksControllerTest.php" line="575" assertions="7" time="0.000140"/>
        <testcase name="test_charge_refunded_updates_order_and_cancels_membership" class="KHM\Tests\WebhooksControllerTest" classname="KHM.Tests.WebhooksControllerTest" file="/Applications/XAMPP/xamppfiles/htdocs/magazine-site/wp-content/plugins/khm-plugin/tests/WebhooksControllerTest.php" line="610" assertions="6" time="0.000156"/>
        <testcase name="test_subscription_updated_syncs_membership" class="KHM\Tests\WebhooksControllerTest" classname="KHM.Tests.WebhooksControllerTest" file="/Applications/XAMPP/xamppfiles/htdocs/magazine-site/wp-content/plugins/khm-plugin/tests/WebhooksControllerTest.php" line="651" assertions="7" time="0.000281"/>
      </testsuite>
    </testsuite>
  </testsuite>
</testsuites>
