<testsuites id="" name="" tests="4" failures="0" skipped="0" errors="0" time="2.53272">
<testsuite name="account.spec.ts" timestamp="2025-10-31T23:54:39.435Z" hostname="" tests="4" failures="0" skipped="0" time="1.512" errors="0">
<testcase name="Account subscription actions › cancelling at period end posts REST payload and updates UI" classname="account.spec.ts" time="0.469">
</testcase>
<testcase name="Account subscription actions › cancelling immediately flags at_period_end false and removes actions" classname="account.spec.ts" time="0.257">
</testcase>
<testcase name="Account subscription actions › reactivating subscription calls REST endpoint" classname="account.spec.ts" time="0.332">
</testcase>
<testcase name="Account subscription actions › updating payment method performs setup intent then update" classname="account.spec.ts" time="0.454">
</testcase>
</testsuite>
</testsuites>